warn: timestamp='Tue Aug 07 2018 16:38:14 GMT-0600 (CST)' hostname='vramirez.local' type='shutdown' message='Received signal 'SIGINT' -  Server shutting down' 
warn: timestamp='Wed Aug 08 2018 06:59:58 GMT-0600 (CST)' hostname='vramirez.local' type='shutdown' message='Received signal 'SIGINT' -  Server shutting down' 
error: timestamp='Wed Aug 08 2018 07:49:08 GMT-0600 (CST)' hostname='vramirez.local' type='uncaughtException' errorMessage='Cannot read property 'replace' of undefined' stacktrace='at process.RejectionHandler (/Users/viramirez/HapiJs-Sites/MeetingRoomBookingSystem/app/sys/Plugins/hapi-custom-logger.js:228:49)' 
error: timestamp='Wed Aug 08 2018 07:49:22 GMT-0600 (CST)' hostname='vramirez.local' type='unhandledRejection' errorMessage='ReferenceError: UsersCtrl is not defined' stacktrace='at Object.<anonymous> (/Users/viramirez/HapiJs-Sites/MeetingRoomBookingSystem/app/routes/rooms.js:5:56)' 
error: timestamp='Wed Aug 08 2018 07:49:43 GMT-0600 (CST)' hostname='vramirez.local' type='unhandledRejection' errorMessage='Error: Cannot find module '../controllers/rooms.js'' stacktrace='at Function.Module._resolveFilename (module.js:547:15)' 
error: timestamp='Wed Aug 08 2018 07:49:58 GMT-0600 (CST)' hostname='vramirez.local' type='unhandledRejection' errorMessage='Error: Cannot find module '../controllers/rooms.js'' stacktrace='at Function.Module._resolveFilename (module.js:547:15)' 
error: timestamp='Wed Aug 08 2018 07:50:13 GMT-0600 (CST)' hostname='vramirez.local' type='unhandledRejection' errorMessage='Error: Cannot find module '../controllers/rooms.js'' stacktrace='at Function.Module._resolveFilename (module.js:547:15)' 
error: timestamp='Wed Aug 08 2018 07:50:23 GMT-0600 (CST)' hostname='vramirez.local' type='unhandledRejection' errorMessage='Error: Cannot find module '../controllers/rooms.js'' stacktrace='at Function.Module._resolveFilename (module.js:547:15)' 
error: timestamp='Wed Aug 08 2018 07:50:50 GMT-0600 (CST)' hostname='vramirez.local' type='unhandledRejection' errorMessage='Error: Cannot find module '../controllers/rooms.js'' stacktrace='at Function.Module._resolveFilename (module.js:547:15)' 
error: timestamp='Wed Aug 08 2018 07:51:05 GMT-0600 (CST)' hostname='vramirez.local' type='unhandledRejection' errorMessage='Error: Cannot find module '../controllers/rooms.js'' stacktrace='at Function.Module._resolveFilename (module.js:547:15)' 
error: timestamp='Wed Aug 08 2018 07:51:52 GMT-0600 (CST)' hostname='vramirez.local' type='unhandledRejection' errorMessage='AssertionError [ERR_ASSERTION]: Missing or undefined handler: GET /rooms' stacktrace='at new module.exports.internals.Route (/Users/viramirez/HapiJs-Sites/MeetingRoomBookingSystem/node_modules/hapi/lib/route.js:66:14)' 
error: timestamp='Wed Aug 08 2018 07:53:06 GMT-0600 (CST)' hostname='vramirez.local' type='unhandledRejection' errorMessage='Error: Cannot find module '../models/services/roomService.js'' stacktrace='at Function.Module._resolveFilename (module.js:547:15)' 
error: timestamp='Wed Aug 08 2018 07:54:35 GMT-0600 (CST)' hostname='vramirez.local' type='unhandledRejection' errorMessage='Error: Cannot find module '../models/DAO/roomDAO.js'' stacktrace='at Function.Module._resolveFilename (module.js:547:15)' 
error: timestamp='Wed Aug 08 2018 07:55:00 GMT-0600 (CST)' hostname='vramirez.local' type='unhandledRejection' errorMessage='Error: Cannot find module '../models/DAO/roomDAO.js'' stacktrace='at Function.Module._resolveFilename (module.js:547:15)' 
error: timestamp='Wed Aug 08 2018 07:56:23 GMT-0600 (CST)' hostname='vramirez.local' type='unhandledRejection' errorMessage='Error: Cannot find module '../models/DAO/roomDAO.js'' stacktrace='at Function.Module._resolveFilename (module.js:547:15)' 
error: timestamp='Wed Aug 08 2018 13:13:00 GMT-0600 (CST)' tags='["error"]' hostname='vramirez.local' type='exception' errorMessage='ER_NO_SUCH_TABLE: Table 'crud.rooms' doesn't exist' stacktrace='at Query.Sequence._packetToError (/Users/viramirez/HapiJs-Sites/MeetingRoomBookingSystem/node_modules/mysql/lib/protocol/sequences/Sequence.js:47:14)' 
error: timestamp='Wed Aug 08 2018 13:13:02 GMT-0600 (CST)' tags='["error"]' hostname='vramirez.local' type='exception' errorMessage='ER_NO_SUCH_TABLE: Table 'crud.rooms' doesn't exist' stacktrace='at Query.Sequence._packetToError (/Users/viramirez/HapiJs-Sites/MeetingRoomBookingSystem/node_modules/mysql/lib/protocol/sequences/Sequence.js:47:14)' 
error: timestamp='Wed Aug 08 2018 13:13:07 GMT-0600 (CST)' tags='["error"]' hostname='vramirez.local' type='exception' errorMessage='ER_NO_SUCH_TABLE: Table 'crud.rooms' doesn't exist' stacktrace='at Query.Sequence._packetToError (/Users/viramirez/HapiJs-Sites/MeetingRoomBookingSystem/node_modules/mysql/lib/protocol/sequences/Sequence.js:47:14)' 
error: timestamp='Wed Aug 08 2018 13:13:10 GMT-0600 (CST)' hostname='vramirez.local' type='unhandledRejection' errorMessage='TypeError: Cannot read property 'statusCode' of null' stacktrace='at requestLog (/Users/viramirez/HapiJs-Sites/MeetingRoomBookingSystem/app/sys/Plugins/hapi-custom-logger.js:196:48)' 
error: timestamp='Wed Aug 08 2018 13:13:18 GMT-0600 (CST)' tags='["error"]' hostname='vramirez.local' type='exception' errorMessage='ER_NO_SUCH_TABLE: Table 'crud.rooms' doesn't exist' stacktrace='at Query.Sequence._packetToError (/Users/viramirez/HapiJs-Sites/MeetingRoomBookingSystem/node_modules/mysql/lib/protocol/sequences/Sequence.js:47:14)' 
error: timestamp='Wed Aug 08 2018 13:35:12 GMT-0600 (CST)' tags='["error"]' hostname='vramirez.local' type='exception' errorMessage='ER_BAD_FIELD_ERROR: Unknown column 'Rooms.RoleId' in 'on clause'' stacktrace='at Query.Sequence._packetToError (/Users/viramirez/HapiJs-Sites/MeetingRoomBookingSystem/node_modules/mysql/lib/protocol/sequences/Sequence.js:47:14)' 
error: timestamp='Wed Aug 08 2018 13:38:48 GMT-0600 (CST)' tags='["error"]' hostname='vramirez.local' type='exception' errorMessage='ER_BAD_FIELD_ERROR: Unknown column 'Rooms.RoleId' in 'on clause'' stacktrace='at Query.Sequence._packetToError (/Users/viramirez/HapiJs-Sites/MeetingRoomBookingSystem/node_modules/mysql/lib/protocol/sequences/Sequence.js:47:14)' 
error: timestamp='Wed Aug 08 2018 13:38:51 GMT-0600 (CST)' tags='["error"]' hostname='vramirez.local' type='exception' errorMessage='ER_BAD_FIELD_ERROR: Unknown column 'Rooms.RoleId' in 'on clause'' stacktrace='at Query.Sequence._packetToError (/Users/viramirez/HapiJs-Sites/MeetingRoomBookingSystem/node_modules/mysql/lib/protocol/sequences/Sequence.js:47:14)' 
error: timestamp='Wed Aug 08 2018 13:42:26 GMT-0600 (CST)' tags='["error"]' hostname='vramirez.local' type='exception' errorMessage='ER_BAD_FIELD_ERROR: Unknown column 'Rooms.RoleId' in 'on clause'' stacktrace='at Query.Sequence._packetToError (/Users/viramirez/HapiJs-Sites/MeetingRoomBookingSystem/node_modules/mysql/lib/protocol/sequences/Sequence.js:47:14)' 
error: timestamp='Wed Aug 08 2018 13:42:29 GMT-0600 (CST)' tags='["error"]' hostname='vramirez.local' type='exception' errorMessage='ER_BAD_FIELD_ERROR: Unknown column 'Rooms.RoleId' in 'on clause'' stacktrace='at Query.Sequence._packetToError (/Users/viramirez/HapiJs-Sites/MeetingRoomBookingSystem/node_modules/mysql/lib/protocol/sequences/Sequence.js:47:14)' 
error: timestamp='Wed Aug 08 2018 13:54:57 GMT-0600 (CST)' tags='["error"]' hostname='vramirez.local' type='exception' errorMessage='ER_BAD_FIELD_ERROR: Unknown column 'Rooms.RoleId' in 'on clause'' stacktrace='at Query.Sequence._packetToError (/Users/viramirez/HapiJs-Sites/MeetingRoomBookingSystem/node_modules/mysql/lib/protocol/sequences/Sequence.js:47:14)' 
error: timestamp='Wed Aug 08 2018 13:59:21 GMT-0600 (CST)' tags='["error"]' hostname='vramirez.local' type='exception' errorMessage='ER_BAD_FIELD_ERROR: Unknown column 'Rooms.RoleId' in 'on clause'' stacktrace='at Query.Sequence._packetToError (/Users/viramirez/HapiJs-Sites/MeetingRoomBookingSystem/node_modules/mysql/lib/protocol/sequences/Sequence.js:47:14)' 
error: timestamp='Wed Aug 08 2018 14:06:05 GMT-0600 (CST)' tags='["error"]' hostname='vramirez.local' type='exception' errorMessage='ER_BAD_FIELD_ERROR: Unknown column 'Rooms.RoleId' in 'on clause'' stacktrace='at Query.Sequence._packetToError (/Users/viramirez/HapiJs-Sites/MeetingRoomBookingSystem/node_modules/mysql/lib/protocol/sequences/Sequence.js:47:14)' 
error: timestamp='Wed Aug 08 2018 14:06:09 GMT-0600 (CST)' tags='["error"]' hostname='vramirez.local' type='exception' errorMessage='ER_BAD_FIELD_ERROR: Unknown column 'Rooms.RoleId' in 'on clause'' stacktrace='at Query.Sequence._packetToError (/Users/viramirez/HapiJs-Sites/MeetingRoomBookingSystem/node_modules/mysql/lib/protocol/sequences/Sequence.js:47:14)' 
error: timestamp='Wed Aug 08 2018 14:15:58 GMT-0600 (CST)' hostname='vramirez.local' type='unhandledRejection' errorMessage='ReferenceError: getRoombyEmail is not defined' stacktrace='at Object.<anonymous> (/Users/viramirez/HapiJs-Sites/MeetingRoomBookingSystem/app/models/DAO/roomDAO.js:82:5)' 
error: timestamp='Wed Aug 08 2018 14:18:11 GMT-0600 (CST)' hostname='vramirez.local' type='unhandledRejection' errorMessage='ReferenceError: getRoombyEmail is not defined' stacktrace='at Object.<anonymous> (/Users/viramirez/HapiJs-Sites/MeetingRoomBookingSystem/app/models/DAO/roomDAO.js:82:5)' 
error: timestamp='Wed Aug 08 2018 14:18:33 GMT-0600 (CST)' hostname='vramirez.local' type='unhandledRejection' errorMessage='ReferenceError: getRoombyEmail is not defined' stacktrace='at Object.<anonymous> (/Users/viramirez/HapiJs-Sites/MeetingRoomBookingSystem/app/models/DAO/roomDAO.js:78:5)' 
error: timestamp='Wed Aug 08 2018 14:19:55 GMT-0600 (CST)' hostname='vramirez.local' type='unhandledRejection' errorMessage='ReferenceError: getRoombyEmail is not defined' stacktrace='at Object.<anonymous> (/Users/viramirez/HapiJs-Sites/MeetingRoomBookingSystem/app/models/DAO/roomDAO.js:76:5)' 
error: timestamp='Wed Aug 08 2018 14:20:06 GMT-0600 (CST)' hostname='vramirez.local' type='unhandledRejection' errorMessage='ReferenceError: getRoombyEmail is not defined' stacktrace='at Object.<anonymous> (/Users/viramirez/HapiJs-Sites/MeetingRoomBookingSystem/app/models/DAO/roomDAO.js:77:5)' 
error: timestamp='Wed Aug 08 2018 14:20:15 GMT-0600 (CST)' hostname='vramirez.local' type='unhandledRejection' errorMessage='ReferenceError: getRoombyEmail is not defined' stacktrace='at Object.<anonymous> (/Users/viramirez/HapiJs-Sites/MeetingRoomBookingSystem/app/models/DAO/roomDAO.js:77:5)' 
error: timestamp='Wed Aug 08 2018 14:20:20 GMT-0600 (CST)' hostname='vramirez.local' type='unhandledRejection' errorMessage='ReferenceError: getRoombyEmail is not defined' stacktrace='at Object.<anonymous> (/Users/viramirez/HapiJs-Sites/MeetingRoomBookingSystem/app/models/DAO/roomDAO.js:77:5)' 
error: timestamp='Wed Aug 08 2018 14:22:18 GMT-0600 (CST)' hostname='vramirez.local' type='unhandledRejection' errorMessage='ReferenceError: getRoombyEmail is not defined' stacktrace='at Object.<anonymous> (/Users/viramirez/HapiJs-Sites/MeetingRoomBookingSystem/app/models/DAO/roomDAO.js:77:5)' 
error: timestamp='Wed Aug 08 2018 14:25:21 GMT-0600 (CST)' hostname='vramirez.local' type='unhandledRejection' errorMessage='SyntaxError: Unexpected identifier' stacktrace='/Users/viramirez/HapiJs-Sites/MeetingRoomBookingSystem/app/routes/rooms.js:19' 
error: timestamp='Wed Aug 08 2018 14:25:45 GMT-0600 (CST)' hostname='vramirez.local' type='unhandledRejection' errorMessage='SyntaxError: Unexpected identifier' stacktrace='/Users/viramirez/HapiJs-Sites/MeetingRoomBookingSystem/app/routes/rooms.js:19' 
error: timestamp='Wed Aug 08 2018 14:26:14 GMT-0600 (CST)' hostname='vramirez.local' type='unhandledRejection' errorMessage='SyntaxError: Unexpected identifier' stacktrace='/Users/viramirez/HapiJs-Sites/MeetingRoomBookingSystem/app/routes/rooms.js:19' 
error: timestamp='Wed Aug 08 2018 14:27:10 GMT-0600 (CST)' hostname='vramirez.local' type='unhandledRejection' errorMessage='SyntaxError: Unexpected identifier' stacktrace='/Users/viramirez/HapiJs-Sites/MeetingRoomBookingSystem/app/routes/rooms.js:19' 
error: timestamp='Wed Aug 08 2018 14:28:57 GMT-0600 (CST)' tags='["error"]' hostname='vramirez.local' type='exception' errorMessage='Cannot read property 'toUpperCase' of undefined' stacktrace='at Object.getRoomByName (/Users/viramirez/HapiJs-Sites/MeetingRoomBookingSystem/app/models/DAO/roomDAO.js:28:54)' 
error: timestamp='Wed Aug 08 2018 16:02:22 GMT-0600 (CST)' hostname='vramirez.local' type='uncaughtException' errorMessage='Cannot read property 'replace' of undefined' stacktrace='at process.RejectionHandler (/Users/viramirez/HapiJs-Sites/MeetingRoomBookingSystem/app/sys/Plugins/hapi-custom-logger.js:228:49)' 
error: timestamp='Wed Aug 08 2018 16:03:12 GMT-0600 (CST)' hostname='vramirez.local' type='unhandledRejection' errorMessage='Error: Cannot find module '../controllers/articles.js'' stacktrace='at Function.Module._resolveFilename (module.js:547:15)' 
error: timestamp='Wed Aug 08 2018 16:04:06 GMT-0600 (CST)' hostname='vramirez.local' type='unhandledRejection' errorMessage='Error: Cannot find module '../controllers/articles.js'' stacktrace='at Function.Module._resolveFilename (module.js:547:15)' 
error: timestamp='Wed Aug 08 2018 16:04:11 GMT-0600 (CST)' hostname='vramirez.local' type='unhandledRejection' errorMessage='Error: Cannot find module '../controllers/articles.js'' stacktrace='at Function.Module._resolveFilename (module.js:547:15)' 
error: timestamp='Wed Aug 08 2018 16:04:29 GMT-0600 (CST)' hostname='vramirez.local' type='unhandledRejection' errorMessage='Error: Cannot find module '../controllers/articles.js'' stacktrace='at Function.Module._resolveFilename (module.js:547:15)' 
error: timestamp='Wed Aug 08 2018 16:05:00 GMT-0600 (CST)' hostname='vramirez.local' type='unhandledRejection' errorMessage='AssertionError [ERR_ASSERTION]: Missing or undefined handler: GET /articles' stacktrace='at new module.exports.internals.Route (/Users/viramirez/HapiJs-Sites/MeetingRoomBookingSystem/node_modules/hapi/lib/route.js:66:14)' 
error: timestamp='Wed Aug 08 2018 16:05:24 GMT-0600 (CST)' hostname='vramirez.local' type='unhandledRejection' errorMessage='AssertionError [ERR_ASSERTION]: Missing or undefined handler: POST /articles/add' stacktrace='at new module.exports.internals.Route (/Users/viramirez/HapiJs-Sites/MeetingRoomBookingSystem/node_modules/hapi/lib/route.js:66:14)' 
error: timestamp='Wed Aug 08 2018 16:06:15 GMT-0600 (CST)' hostname='vramirez.local' type='unhandledRejection' errorMessage='Error: Cannot find module '../models/services/articleService.js'' stacktrace='at Function.Module._resolveFilename (module.js:547:15)' 
error: timestamp='Wed Aug 08 2018 16:07:05 GMT-0600 (CST)' hostname='vramirez.local' type='unhandledRejection' errorMessage='Error: Cannot find module '../models/services/articleService.js'' stacktrace='at Function.Module._resolveFilename (module.js:547:15)' 
error: timestamp='Wed Aug 08 2018 16:07:09 GMT-0600 (CST)' hostname='vramirez.local' type='unhandledRejection' errorMessage='Error: Cannot find module '../models/services/articleService.js'' stacktrace='at Function.Module._resolveFilename (module.js:547:15)' 
error: timestamp='Wed Aug 08 2018 16:07:44 GMT-0600 (CST)' hostname='vramirez.local' type='unhandledRejection' errorMessage='Error: Cannot find module '../models/services/articleService.js'' stacktrace='at Function.Module._resolveFilename (module.js:547:15)' 
error: timestamp='Wed Aug 08 2018 16:07:55 GMT-0600 (CST)' hostname='vramirez.local' type='unhandledRejection' errorMessage='Error: Cannot find module '../models/services/articleService.js'' stacktrace='at Function.Module._resolveFilename (module.js:547:15)' 
error: timestamp='Wed Aug 08 2018 16:08:22 GMT-0600 (CST)' hostname='vramirez.local' type='unhandledRejection' errorMessage='Error: Cannot find module '../models/services/articleService.js'' stacktrace='at Function.Module._resolveFilename (module.js:547:15)' 
error: timestamp='Wed Aug 08 2018 16:09:15 GMT-0600 (CST)' hostname='vramirez.local' type='unhandledRejection' errorMessage='Error: Cannot find module '../models/services/articleService.js'' stacktrace='at Function.Module._resolveFilename (module.js:547:15)' 
error: timestamp='Wed Aug 08 2018 16:09:47 GMT-0600 (CST)' hostname='vramirez.local' type='unhandledRejection' errorMessage='Error: Cannot find module '../models/services/articleService.js'' stacktrace='at Function.Module._resolveFilename (module.js:547:15)' 
error: timestamp='Wed Aug 08 2018 16:10:59 GMT-0600 (CST)' hostname='vramirez.local' type='unhandledRejection' errorMessage='Error: Cannot find module '../models/services/articleService.js'' stacktrace='at Function.Module._resolveFilename (module.js:547:15)' 
error: timestamp='Wed Aug 08 2018 16:11:10 GMT-0600 (CST)' hostname='vramirez.local' type='unhandledRejection' errorMessage='Error: Cannot find module '../models/services/articleService.js'' stacktrace='at Function.Module._resolveFilename (module.js:547:15)' 
error: timestamp='Wed Aug 08 2018 16:11:21 GMT-0600 (CST)' hostname='vramirez.local' type='unhandledRejection' errorMessage='Error: Cannot find module '../models/services/articleService.js'' stacktrace='at Function.Module._resolveFilename (module.js:547:15)' 
error: timestamp='Wed Aug 08 2018 16:11:25 GMT-0600 (CST)' hostname='vramirez.local' type='unhandledRejection' errorMessage='Error: Cannot find module '../models/services/articleService.js'' stacktrace='at Function.Module._resolveFilename (module.js:547:15)' 
error: timestamp='Wed Aug 08 2018 16:11:45 GMT-0600 (CST)' hostname='vramirez.local' type='unhandledRejection' errorMessage='Error: Cannot find module '../models/services/articleService.js'' stacktrace='at Function.Module._resolveFilename (module.js:547:15)' 
error: timestamp='Wed Aug 08 2018 16:14:59 GMT-0600 (CST)' hostname='vramirez.local' type='unhandledRejection' errorMessage='Error: Cannot find module '../models/services/articleService.js'' stacktrace='at Function.Module._resolveFilename (module.js:547:15)' 
error: timestamp='Wed Aug 08 2018 16:15:42 GMT-0600 (CST)' hostname='vramirez.local' type='unhandledRejection' errorMessage='Error: Cannot find module '../models/services/articleService.js'' stacktrace='at Function.Module._resolveFilename (module.js:547:15)' 
warn: timestamp='Wed Aug 08 2018 17:42:08 GMT-0600 (CST)' hostname='vramirez.local' type='shutdown' message='Received signal 'SIGINT' -  Server shutting down' 
error: timestamp='Thu Aug 09 2018 08:01:14 GMT-0600 (CST)' tags='["error"]' hostname='vramirez.local' type='exception' errorMessage='articleService is not defined' stacktrace='at fw.promise (/Users/viramirez/HapiJs-Sites/MeetingRoomBookingSystem/app/controllers/rooms.js:85:29)' 
error: timestamp='Thu Aug 09 2018 08:01:31 GMT-0600 (CST)' tags='["error"]' hostname='vramirez.local' type='exception' errorMessage='articleService is not defined' stacktrace='at fw.promise (/Users/viramirez/HapiJs-Sites/MeetingRoomBookingSystem/app/controllers/rooms.js:85:29)' 
error: timestamp='Thu Aug 09 2018 09:29:15 GMT-0600 (CST)' hostname='vramirez.local' type='unhandledRejection' errorMessage='TypeError: fw.param.struct is not a function' stacktrace='at Object.<anonymous> (/Users/viramirez/HapiJs-Sites/MeetingRoomBookingSystem/app/routes/rooms.js:21:42)' 
error: timestamp='Thu Aug 09 2018 09:29:29 GMT-0600 (CST)' hostname='vramirez.local' type='unhandledRejection' errorMessage='TypeError: fw.param.struct is not a function' stacktrace='at Object.<anonymous> (/Users/viramirez/HapiJs-Sites/MeetingRoomBookingSystem/app/routes/rooms.js:21:42)' 
error: timestamp='Thu Aug 09 2018 09:33:51 GMT-0600 (CST)' hostname='vramirez.local' type='unhandledRejection' errorMessage='TypeError: fw.param.struct is not a function' stacktrace='at Object.<anonymous> (/Users/viramirez/HapiJs-Sites/MeetingRoomBookingSystem/app/routes/rooms.js:21:42)' 
error: timestamp='Thu Aug 09 2018 09:33:58 GMT-0600 (CST)' hostname='vramirez.local' type='unhandledRejection' errorMessage='TypeError: fw.param.struct is not a function' stacktrace='at Object.<anonymous> (/Users/viramirez/HapiJs-Sites/MeetingRoomBookingSystem/app/routes/rooms.js:21:41)' 
error: timestamp='Thu Aug 09 2018 09:34:12 GMT-0600 (CST)' hostname='vramirez.local' type='unhandledRejection' errorMessage='TypeError: fw.param.struct is not a function' stacktrace='at Object.<anonymous> (/Users/viramirez/HapiJs-Sites/MeetingRoomBookingSystem/app/routes/rooms.js:21:41)' 
error: timestamp='Thu Aug 09 2018 09:34:27 GMT-0600 (CST)' hostname='vramirez.local' type='unhandledRejection' errorMessage='TypeError: fw.param.struct is not a function' stacktrace='at Object.<anonymous> (/Users/viramirez/HapiJs-Sites/MeetingRoomBookingSystem/app/routes/rooms.js:21:42)' 
error: timestamp='Thu Aug 09 2018 09:37:18 GMT-0600 (CST)' hostname='vramirez.local' type='unhandledRejection' errorMessage='TypeError: fw.param.struct is not a function' stacktrace='at Object.<anonymous> (/Users/viramirez/HapiJs-Sites/MeetingRoomBookingSystem/app/routes/rooms.js:21:42)' 
error: timestamp='Thu Aug 09 2018 09:39:09 GMT-0600 (CST)' hostname='vramirez.local' type='unhandledRejection' errorMessage='TypeError: fw.param.struct is not a function' stacktrace='at Object.<anonymous> (/Users/viramirez/HapiJs-Sites/MeetingRoomBookingSystem/app/routes/rooms.js:21:42)' 
error: timestamp='Thu Aug 09 2018 09:40:27 GMT-0600 (CST)' hostname='vramirez.local' type='unhandledRejection' errorMessage='TypeError: fw.param.struct is not a function' stacktrace='at Object.<anonymous> (/Users/viramirez/HapiJs-Sites/MeetingRoomBookingSystem/app/routes/rooms.js:21:42)' 
error: timestamp='Thu Aug 09 2018 09:44:10 GMT-0600 (CST)' hostname='vramirez.local' type='unhandledRejection' errorMessage='TypeError: fw.param.struct is not a function' stacktrace='at Object.<anonymous> (/Users/viramirez/HapiJs-Sites/MeetingRoomBookingSystem/app/routes/rooms.js:21:42)' 
error: timestamp='Thu Aug 09 2018 09:44:16 GMT-0600 (CST)' hostname='vramirez.local' type='unhandledRejection' errorMessage='TypeError: fw.param.struct is not a function' stacktrace='at Object.<anonymous> (/Users/viramirez/HapiJs-Sites/MeetingRoomBookingSystem/app/routes/rooms.js:21:42)' 
error: timestamp='Thu Aug 09 2018 09:44:30 GMT-0600 (CST)' hostname='vramirez.local' type='unhandledRejection' errorMessage='TypeError: fw.param.struct is not a function' stacktrace='at Object.<anonymous> (/Users/viramirez/HapiJs-Sites/MeetingRoomBookingSystem/app/routes/rooms.js:21:42)' 
error: timestamp='Thu Aug 09 2018 09:45:16 GMT-0600 (CST)' hostname='vramirez.local' type='unhandledRejection' errorMessage='TypeError: fw.param.json is not a function' stacktrace='at Object.<anonymous> (/Users/viramirez/HapiJs-Sites/MeetingRoomBookingSystem/app/routes/rooms.js:21:42)' 
error: timestamp='Thu Aug 09 2018 13:49:33 GMT-0600 (CST)' tags='["error"]' hostname='vramirez.local' type='exception' errorMessage='ER_WRONG_VALUE_COUNT_ON_ROW: Column count doesn't match value count at row 1' stacktrace='at Query.Sequence._packetToError (/Users/viramirez/HapiJs-Sites/MeetingRoomBookingSystem/node_modules/mysql/lib/protocol/sequences/Sequence.js:47:14)' 
error: timestamp='Thu Aug 09 2018 13:53:15 GMT-0600 (CST)' tags='["error"]' hostname='vramirez.local' type='exception' errorMessage='articleService.getArticlesByRoomId is not a function' stacktrace='at fw.promise (/Users/viramirez/HapiJs-Sites/MeetingRoomBookingSystem/app/controllers/rooms.js:46:44)' 
error: timestamp='Thu Aug 09 2018 13:56:46 GMT-0600 (CST)' tags='["error"]' hostname='vramirez.local' type='exception' errorMessage='articleService.getArticlesByRoomId is not a function' stacktrace='at fw.promise (/Users/viramirez/HapiJs-Sites/MeetingRoomBookingSystem/app/controllers/rooms.js:46:44)' 
error: timestamp='Thu Aug 09 2018 13:57:26 GMT-0600 (CST)' tags='["error"]' hostname='vramirez.local' type='exception' errorMessage='articleDAO.getArticlesByRoomId is not a function' stacktrace='at Object.getArticlesByRoomId (/Users/viramirez/HapiJs-Sites/MeetingRoomBookingSystem/app/models/services/articleService.js:22:29)' 
error: timestamp='Thu Aug 09 2018 13:57:28 GMT-0600 (CST)' tags='["error"]' hostname='vramirez.local' type='exception' errorMessage='articleDAO.getArticlesByRoomId is not a function' stacktrace='at Object.getArticlesByRoomId (/Users/viramirez/HapiJs-Sites/MeetingRoomBookingSystem/app/models/services/articleService.js:22:29)' 
error: timestamp='Thu Aug 09 2018 13:57:29 GMT-0600 (CST)' tags='["error"]' hostname='vramirez.local' type='exception' errorMessage='articleDAO.getArticlesByRoomId is not a function' stacktrace='at Object.getArticlesByRoomId (/Users/viramirez/HapiJs-Sites/MeetingRoomBookingSystem/app/models/services/articleService.js:22:29)' 
error: timestamp='Thu Aug 09 2018 16:36:20 GMT-0600 (CST)' tags='["connection","client","error"]' hostname='vramirez.local' type='exception' errorMessage='read ECONNRESET' stacktrace='at _errnoException (util.js:1022:11)' 
error: timestamp='Thu Aug 09 2018 16:37:51 GMT-0600 (CST)' hostname='vramirez.local' type='unhandledRejection' errorMessage='SyntaxError: Unexpected token const' stacktrace='/Users/viramirez/HapiJs-Sites/MeetingRoomBookingSystem/app/models/DAO/articleDAO.js:33' 
error: timestamp='Thu Aug 09 2018 17:58:20 GMT-0600 (CST)' tags='["error"]' hostname='vramirez.local' type='exception' errorMessage='SQL is not defined' stacktrace='at Object.updateRoom (/Users/viramirez/HapiJs-Sites/MeetingRoomBookingSystem/app/models/DAO/roomDAO.js:95:37)' 
error: timestamp='Thu Aug 09 2018 17:59:26 GMT-0600 (CST)' tags='["error"]' hostname='vramirez.local' type='exception' errorMessage='SQL is not defined' stacktrace='at Object.updateRoom (/Users/viramirez/HapiJs-Sites/MeetingRoomBookingSystem/app/models/DAO/roomDAO.js:95:37)' 
warn: timestamp='Thu Aug 09 2018 18:00:21 GMT-0600 (CST)' hostname='vramirez.local' type='shutdown' message='Received signal 'SIGINT' -  Server shutting down' 
error: timestamp='Thu Aug 09 2018 18:04:15 GMT-0600 (CST)' tags='["error"]' hostname='vramirez.local' type='exception' errorMessage='data is not defined' stacktrace='at Object.deleteRoom (/Users/viramirez/HapiJs-Sites/MeetingRoomBookingSystem/app/models/DAO/roomDAO.js:113:9)' 
error: timestamp='Thu Aug 09 2018 18:04:18 GMT-0600 (CST)' tags='["error"]' hostname='vramirez.local' type='exception' errorMessage='data is not defined' stacktrace='at Object.deleteRoom (/Users/viramirez/HapiJs-Sites/MeetingRoomBookingSystem/app/models/DAO/roomDAO.js:113:9)' 
error: timestamp='Thu Aug 09 2018 18:05:16 GMT-0600 (CST)' tags='["error"]' hostname='vramirez.local' type='exception' errorMessage='data is not defined' stacktrace='at Object.deleteRoom (/Users/viramirez/HapiJs-Sites/MeetingRoomBookingSystem/app/models/DAO/roomDAO.js:113:9)' 
error: timestamp='Thu Aug 09 2018 18:30:29 GMT-0600 (CST)' tags='["error"]' hostname='vramirez.local' type='exception' errorMessage='name.toUpperCase is not a function' stacktrace='at Object.getArticleByName (/Users/viramirez/HapiJs-Sites/MeetingRoomBookingSystem/app/models/DAO/articleDAO.js:28:54)' 
error: timestamp='Thu Aug 09 2018 18:31:53 GMT-0600 (CST)' tags='["error"]' hostname='vramirez.local' type='exception' errorMessage='articleService.getArticleById is not a function' stacktrace='at fw.promise (/Users/viramirez/HapiJs-Sites/MeetingRoomBookingSystem/app/controllers/articles.js:100:46)' 
error: timestamp='Thu Aug 09 2018 18:31:54 GMT-0600 (CST)' tags='["error"]' hostname='vramirez.local' type='exception' errorMessage='articleService.getArticleById is not a function' stacktrace='at fw.promise (/Users/viramirez/HapiJs-Sites/MeetingRoomBookingSystem/app/controllers/articles.js:100:46)' 
error: timestamp='Thu Aug 09 2018 18:32:32 GMT-0600 (CST)' tags='["error"]' hostname='vramirez.local' type='exception' errorMessage='articleService.getArticleById is not a function' stacktrace='at fw.promise (/Users/viramirez/HapiJs-Sites/MeetingRoomBookingSystem/app/controllers/articles.js:100:46)' 
error: timestamp='Thu Aug 09 2018 18:32:39 GMT-0600 (CST)' tags='["error"]' hostname='vramirez.local' type='exception' errorMessage='articleService.getArticleById is not a function' stacktrace='at fw.promise (/Users/viramirez/HapiJs-Sites/MeetingRoomBookingSystem/app/controllers/articles.js:100:46)' 
warn: timestamp='Thu Aug 09 2018 18:40:25 GMT-0600 (CST)' hostname='vramirez.local' type='shutdown' message='Received signal 'SIGINT' -  Server shutting down' 
